[    000000] Liux vesion 4.150-70-enric build@lg01-a64-055 (gc verson 7..0(Ubtu 74.0-ubunu1~1.04.)) #9-Ubntu SM Tue Nv 2 0:36: UTC 19 (Ubntu .15.-70.7-gneri 4.1.18)
    00000]Commnd lne: BT_IME=/boot/mlinz-4.5.0-0-genricoot=BEL=oudi-roos roconsle=tt1 coole=yS0[    .00000 KERNEL suortedpus:
[   0.0000]   ntl nuinntel
   0.00000]  AM AutheticA
[   0.0000] Cenau CenaurHau
[   0000000x86/pu: uppotig XSAE feture x01: '87loatig oinregites'
    00000 x86/pu: Suportng XSVEeatu 0x0: 'S regters
[  0.0000]86/fpuSupptingXSAVE eatu 0x00 'AVX egistrs
[   0.0000] x86fp: xsate_ffet[2:  56, xta_sizs[2]  25
[   0.0000] x86/fu: Eabed xsttefeatres x7, ontet sie is 32 bes, ing 'stnda' forat.
   0.0000] 82: BIS-prvided pysca RA map
[  0.0000] IOS-e20: mem x000000000000-x000000009fbf] sabl
[   .00000] BI-e82: memx0000000009f00-00000000009fff] resered
[   .00000] BOS-e20: [me 0x00000000f000-00000000000ffff reseve
[  0.0000]IOS-20: mem x0000000010000-0x0000003ffffff usae
[  0.00000] OS-e20: [me0x0000000ff00000x00000003fffff] AI daa
[   .00000] BOS-e20: mem 00000000fe0000x0000000fe00fff rservd
[   000000] IOS-20: em 00000000fee0000-0x000000fee0fff]reseved
[  0.0000]IOS-e80:[memx0000000ffc000-0x000000fffffff reseved
[   00000] NX(Execu Disale protction actve
   0.00000 SMBOS 2.preset.
[  0.0000] DM: inotekGmbHVirtulBox/Vtualx, BS ViualB 12/1/006[   0.00000] pervor deteced: VM
   0.00000]e80: lst_pn = 0xfff0 ax_ar_pfn= x4000000
    .0000] MRR: Dsabld
[   0.0000 x86AT: TRRsdisaled, sippig PA iniialition o.
   0.00000] PU MTRs al blak - irtualizedsyst.
[   .000000 x86PAT:Configuratin [07]: W  WTUC- U WB T  U UC 
[    000000 fou SMPP-tale at[m 0x09fff00x009ffff
[   000000 Scannig  ares forlow emor corrptio
[   0.00000]RADISK: [mem0x358900-0x3d3bff]
[   .000000 ACP Ear tab checsu vificion sable
[  0.00000]ACPI RSD 00000000000E000 00002(v02 VOX  
    .0000] ACI: XDT 000000003FF0030 0003 (v0 VBO   VOXXST 0000001 ASL 0000061
[   .0000] AI: FACPx0000000FFF0F0000F(v04BOX VBOXCP 000000 ASL 000061)
[   0.0000] CP DSDT 0x000000003FFF070 01FF v0 VBOX  VBXBIOS000002NTL 1005)
[  0.00000] API: AC 0x00000003FF020 00000
[   .00000] CPI FCS 0x00000FFF02 00040
[   .00000] AC: APC x0000000FFF024 0000C (v02VBOX  VBOXAIC 000001 AS  0000061)
[  0.0000]CPI:SDT 0000003FF2A0 00CC (v01VBOX  VOXCP 0000002 INT 21028)
   0.0000] No UMA cfiguraon foun
[    0.0000]akina noe at [em 0000000000000-00000003ffefff]
[   0.0000] NOE_DAT(0 allated[mem 0x3fc500-03ffefff]
   0.0000]kvm-clock: cu 0, sr 0:344001,prmary cp clok
[  0.0000 kvmcloc: Uin msr 4b54d1 an 4b54d00
[   0.0000] kv-clok: usig sced ofset f 665354cycl
[  0.00000]clocsoure: km-ock:ask: 0ffffffffffffffmax_cycs: 01cd424dffb maxidlens: 815959148 ns
[  0.0000Zonerages:
[    0.0000]   MA     [mm 0x00000000000000-00000000ffff][   .0000]   DA32   [m 0x000000100000-0x0000003efff
[  0.0000]  Nomal  ept
[   .0000]  Devic   empy
[   0.00000 Movble zo sta for ch ne
[  0.00000]Early emornode nges[   .00000]  nod   0 [me 0x000000000010000x000000000efff
[   0.00000] nnode   : [mm x0000000000000-0x000003efff
[  0.00000] Rervedbut avaiab: 98ages
[   0.00000] Initmem setup node 0 [mem 0x0000000000001000-0x000000003ffeffff]
[  0.0000]ACI: P-Timr  Port: x408
   0.00000] OAPIC0]: aic_i 2, vrsio32, dres0xfec000, I 0-3
[   0.0000ACPIINT_C_OVR(bus bus_irq 0 glal_iq 2 fl dl)
[   .00000]ACPI INTSRC_VR (us 0bus_rq 9 gobalirq low levl)
[  0.00000] Usg AC (MADT fr P coigurion nfrmion[   0.00000] smboot Allwing  CUs,  hotlug PUs[   0.00000] PM: Reistere nosvememoy: [em 00000000-000000f]
    00000] M: Rgisted nosae memory:[mem0x009f00-00009fff][    .0000]M: Rgitere nosavememoy: [em 0000a000-x000ffff]
[   0.00000] : Rester nosve mmory:[mem0x00f00-0x0ffff]
[   0000000]820:mem x4000000-0xfebfffff] available for PCIdevices
[  0.00000 Bootng pavirtualzed rneln KVM
[   0.00000] clocksource: refined-jffis:mask: 0xfffffffma_cycs: 0ffffff, maxdle_: 76519621158 ns
   0.0000] rdom:et_rdom_ytes clledfrom sart_rnel+x9/0fd wit crninit
[   0.0000 setup_ercu: NCPUS192 _cpumak_bits:2 n_cpuid:2 n_nod_i:1
[   0.00000] pepu: mbedd 45agespu s7456r82 d28672 u10485
[    000000 PV pinlkk ha tab entie: 6 (order:0, 406 ytes
[   0.00000 Buit 1 onelits, mbiity goupig on  Toal pges 27913[   .00000] Poly zo: DM2
[  0.000000] Knel comandline BOOT_MAGE/boo/vmlnuz-.15.0-0-geeric roo=LABL=cludimg-otfs o onsletty1 cnsole=tyS0
[   0.00000] Mory:8344/104120K valable(1230Kkernl coe, 281K rwdta, 64K odat, 243K in, 23K bs, 4680 resered,  cmaeserd)
   00000 SLUB Haln=64, Ordr=0-3, MnObjts=0 CPU=2Nodes
[   0.00000]ftrac: alcati 3931entrs in154 paes[   0.040] HierrcicalRC impemenaton.
[  0.4000]	RU striing Cs fr NR_CPS=192  nr_puids=.
[    000400] 	Taks RU nabld.
   0.04000] RC: Adustin gomtry forrcu_fout_lea=16,r_cpids=
    .00400] R_IR: 52444 nirqs440,realcateirqs:16
[   .00400] onsoe: clourVGA+ 0x5
[   0.0400 conle [y1] abled
[  .0040] csole[tty0] enaled
    .00400] API: Coe reision 217031
[   0.0400] ACPI:  ACPI AML tbles uccesfuly aquird andoade

[  0.004000] APIC: Switch to symmetric I/O mode setup
[    0.004472] x2apic enabled
[    0.008016] Switched APIC routing to physical x2apic.
[    0.013284] ..TIMER: vector=0x30 apic1=0 pin1=2 apic2=-1 pin2=-1
[    0.016016] tsc: Detected 2096.068 MHz processor
[    0.020019] tsc: Marking TSC unstable due to TSCs unsynchronized
[    0.024015] Calibrating delay loop (skipped) preset value.. 4192.13 BogoMIPS (lpj=8384272)
[    0.028018] pid_max: default: 32768 minimum: 301
[    0.032396] Security Framework initialized
[    0.036017] Yama: becoming mindful.
[    0.040182] AppArmor: AppArmor initialized
[    0.052090] Dentry cache hash table entries: 131072 (order: 8, 1048576 bytes)
[    0.056178] Inode-cache hash table entries: 65536 (order: 7, 524288 bytes)
[    0.064099] Mount-cache hash table entries: 2048 (order: 2, 16384 bytes)
[    0.068037] Mountpoint-cache hash table entries: 2048 (order: 2, 16384 bytes)
[    0.072769] Last level iTLB entries: 4KB 1024, 2MB 1024, 4MB 512
[    0.076017] Last level dTLB entries: 4KB 1536, 2MB 1536, 4MB 768, 1GB 0
[    0.080016] Spectre V1 : Mitigation: usercopy/swapgs barriers and __user pointer sanitization
[    0.084017] Spectre V2 : Spectre mitigation: LFENCE not serializing, switching to generic retpoline
[    0.088037] Spectre V2 : Mitigation: Full generic retpoline
[    0.096016] Spectre V2 : Spectre v2 / SpectreRSB mitigation: Filling RSB on context switch
[    0.100027] Speculative Store Bypass: Mitigation: Speculative Store Bypass disabled via prctl and seccomp
[    0.104303] Freeing SMP alternatives memory: 36K
[    0.226680] smpboot: CPU0: AMD Ryzen 3 3300U with Radeon Vega Mobile Gfx (family: 0x17, model: 0x18, stepping: 0x1)
[    0.228291] Performance Events: PMU not available due to virtualization, using software events only.
[    0.232174] Hierarchical SRCU implementation.
[    0.244569] NMI watchdog: Perf event create on CPU 0 failed with -2
[    0.248019] NMI watchdog: Perf NMI watchdog permanently disabled
[    0.252231] smp: Bringing up secondary CPUs ...
[    0.256398] x86: Booting SMP configuration:
[    0.260018] .... node  #0, CPUs:      #1
[    0.004000] kvm-clock: cpu 1, msr 0:3ff44041, secondary cpu clock
[    0.332123] smp: Brought up 1 node, 2 CPUs
[    0.336033] smpboot: Max logical packages: 1
[    0.340031] smpboot: Total of 2 processors activated (8384.27 BogoMIPS)
[    0.344308] devtmpfs: initialized
[    0.348169] x86/mm: Memory block size: 128MB
[    0.352383] evm: security.selinux
[    0.356016] evm: security.SMACK64
[    0.360016] evm: security.SMACK64EXEC
[    0.364013] evm: security.SMACK64TRANSMUTE
[    0.368020] evm: security.SMACK64MMAP
[    0.372012] evm: security.apparmor
[    0.376013] evm: security.ima
[    0.380012] evm: security.capability
[    0.384193] clocksource: jiffies: mask: 0xffffffff max_cycles: 0xffffffff, max_idle_ns: 7645041785100000 ns
[    0.644043] futex hash table entries: 512 (order: 3, 32768 bytes)
[    0.724389] pinctrl core: initialized pinctrl subsystem
[    0.768291] RTC time:  5:09:21, date: 12/08/19
[    0.792432] NET: Registered protocol family 16
[    0.860223] audit: initializing netlink subsys (disabled)
[    0.932096] audit: type=2000 audit(1575781708.317:1): state=initialized audit_enabled=0 res=1
[    0.936051] cpuidle: using governor ladder
[    0.944027] cpuidle: using governor menu
[    1.048298] ACPI: bus type PCI registered
[    1.164016] acpiphp: ACPI Hot Plug PCI Controller Driver version: 0.5
[    1.300292] PCI: Using configuration type 1 for base access
[    1.404021] PCI: Using configuration type 1 for extended access
[    1.524045] HugeTLB registered 2.00 MiB page size, pre-allocated 0 pages
[    1.532360] ACPI: Added _OSI(Module Device)
[    1.612023] ACPI: Added _OSI(Processor Device)
[    1.692018] ACPI: Added _OSI(3.0 _SCP Extensions)
[    1.828027] ACPI: Added _OSI(Processor Aggregator Device)
[    1.896037] ACPI: Added _OSI(Linux-Dell-Video)
[    1.900023] ACPI: Added _OSI(Linux-Lenovo-NV-HDMI-Audio)
[    1.904024] ACPI: Added _OSI(Linux-HPI-Hybrid-Graphics)
[    1.908433] ACPI: Executed 1 blocks of module-level executable AML code
[    1.918225] ACPI: Interpreter enabled
[    1.920061] ACPI: (supports S0 S5)
[    1.924015] ACPI: Using IOAPIC for interrupt routing
[    1.928438] PCI: Using host bridge windows from ACPI; if necessary, use "pci=nocrs" and report a bug
[    1.932305] ACPI: Enabled 2 GPEs in block 00 to 07
[    1.949538] ACPI: PCI Root Bridge [PCI0] (domain 0000 [bus 00-ff])
[    1.952040] acpi PNP0A03:00: _OSC: OS supports [ExtendedConfig ASPM ClockPM Segments MSI]
[    1.956138] acpi PNP0A03:00: _OSC: OS now controls [PCIeHotplug PME AER PCIeCapability]
[    1.960570] PCI host bridge to bus 0000:00
[    1.964020] pci_bus 0000:00: root bus resource [io  0x0000-0x0cf7 window]
[    1.968025] pci_bus 0000:00: root bus resource [io  0x0d00-0xffff window]
[    1.972021] pci_bus 0000:00: root bus resource [mem 0x000a0000-0x000bffff window]
[    1.976020] pci_bus 0000:00: root bus resource [mem 0x40000000-0xfdffffff window]
[    1.980023] pci_bus 0000:00: root bus resource [bus 00-ff]
[    1.986483] pci 0000:00:01.1: legacy IDE quirk: reg 0x10: [io  0x01f0-0x01f7]
[    1.988017] pci 0000:00:01.1: legacy IDE quirk: reg 0x14: [io  0x03f6]
[    1.992025] pci 0000:00:01.1: legacy IDE quirk: reg 0x18: [io  0x0170-0x0177]
[    1.996017] pci 0000:00:01.1: legacy IDE quirk: reg 0x1c: [io  0x0376]
[    2.049422] pci 0000:00:07.0: quirk: [io  0x4000-0x403f] claimed by PIIX4 ACPI
[    2.052041] pci 0000:00:07.0: quirk: [io  0x4100-0x410f] claimed by PIIX4 SMB
[    2.089104] ACPI: PCI Interrupt Link [LNKA] (IRQs 5 9 10 *11)
[    2.092509] ACPI: PCI Interrupt Link [LNKB] (IRQs 5 9 *10 11)
[    2.096241] ACPI: PCI Interrupt Link [LNKC] (IRQs 5 *9 10 11)
[    2.100247] ACPI: PCI Interrupt Link [LNKD] (IRQs 5 9 10 *11)
[    2.104796] SCSI subsystem initialized
[    2.108150] pci 0000:00:02.0: vgaarb: setting as boot VGA device
[    2.112000] pci 0000:00:02.0: vgaarb: VGA device added: decodes=io+mem,owns=io+mem,locks=none
[    2.112023] pci 0000:00:02.0: vgaarb: bridge control possible
[    2.116013] vgaarb: loaded
[    2.120089] ACPI: bus type USB registered
[    2.124099] usbcore: registered new interface driver usbfs
[    2.128084] usbcore: registered new interface driver hub
[    2.132101] usbcore: registered new device driver usb
[    2.136240] EDAC MC: Ver: 3.0.0
[    2.144103] PCI: Using ACPI for IRQ routing
[    2.288451] NetLabel: Initializing
[    2.388012] NetLabel:  domain hash size = 128
[    2.512013] NetLabel:  protocols = UNLABELED CIPSOv4 CALIPSO
[    2.548087] NetLabel:  unlabeled traffic allowed by default
[    2.676208] clocksource: Switched to clocksource kvm-clock
[    2.901721] VFS: Disk quotas dquot_6.6.0
[    3.008993] VFS: Dquot-cache hash table entries: 512 (order 0, 4096 bytes)
[    3.058995] AppArmor: AppArmor Filesystem Enabled
[    3.147598] pnp: PnP ACPI init
[    3.224197] pnp: PnP ACPI: found 3 devices
[    3.269002] clocksource: acpi_pm: mask: 0xffffff max_cycles: 0xffffff, max_idle_ns: 2085701024 ns
[    3.482823] NET: Registered protocol family 2
[    3.564656] TCP established hash table entries: 8192 (order: 4, 65536 bytes)
[    3.677322] TCP bind hash table entries: 8192 (order: 5, 131072 bytes)
[    3.879093] TCP: Hash tables configured (established 8192 bind 8192)
[    4.071189] UDP hash table entries: 512 (order: 2, 16384 bytes)
[    4.268919] UDP-Lite hash table entries: 512 (order: 2, 16384 bytes)
[    4.513994] NET: Registered protocol family 1
[    4.662312] pci 0000:00:00.0: Limiting direct PCI/PCI transfers
[    4.792559] pci 0000:00:01.0: Activating ISA DMA hang workarounds
[    4.997186] pci 0000:00:02.0: Video device with shadowed ROM at [mem 0x000c0000-0x000dffff]
[    5.296445] Unpacking initramfs...
[    6.729781] Freeing initrd memory: 19148K
[    6.858582] clocksource: tsc: mask: 0xffffffffffffffff max_cycles: 0x1e36ae19893, max_idle_ns: 440795209930 ns
[    7.161057] platform rtc_cmos: registered platform RTC device (no PNP device found)
[    7.386917] Scanning for low memory corruption every 60 seconds
[    7.571209] Initialise system trusted keyrings
[    7.736504] Key type blacklist registered
[    7.877682] workingset: timestamp_bits=36 max_order=18 bucket_order=0
[    8.122429] zbud: loaded
[    8.187363] squashfs: version 4.0 (2009/01/31) Phillip Lougher
[  8.2578]fuse in (I rsn 26

[    8.765537] Key type asymmetric registered
[    8.897625] Asymmetric key parser 'x509' registered
[    9.059107] Block layer SCSI generic (bsg) driver version 0.4 loaded (major 246)
[    9.310799] io scheduler noop registered
[    9.429333] io scheduler deadline registered
[    9.572256] io scheduler cfq registered (default)
[    9.702941] ACPI: AC Adapter [AC] (off-line)
[    9.843630] input: Power Button as /devices/LNXSYSTM:00/LNXPWRBN:00/input/input0
[   10.063556] ACPI: Power Button [PWRF]
[   10.194808] input: Sleep Button as /devices/LNXSYSTM:00/LNXSLPBN:00/input/input1
[   14572AC: eeBuonSL]
[   11.009880] Serial: 8250/16550 driver, 32 ports, IRQ sharing enabled
[   11.011432] ACPI: Battery Slot [BAT0] (battery present)
[ 111863 002tt0  I 0f8ir=  be_ud 120 ia 6550A
[   12.400815] Linux agpgart interface v0.103
[   12.529835] loop: module loaded
[   12.635818] scsi host0: ata_piix
[   12.731205] scsi host1: ata_piix
[   12.823806] ata1: PATA max UDMA/33 cmd 0x1f0 ctl 0x3f6 bmdma 0xd000 irq 14
[   13.027546] ata2: PATA max UDMA/33 cmd 0x170 ctl 0x376 bmdma 0xd008 irq 15
[   1251753libphyFid IO uspred
[  3.69] n:nirs T/T dic driv, 6
[   14.569792] PPP generic driver version 2.4.2
[   14.712072] ehci_hcd: USB 2.0 'Enhanced' Host Controller (EHCI) Driver
[   14.937189] ehci-pci: EHCI PCI platform driver
[   15853]hcplfom: EHCI ger ptfm iv
  5.64] cicdUS1.'On' Host Controller (OHCI) Driv
[   .70400oh-p: CICIlaordrer[ 16709]hcplform OI geer ptfm iv
  7.53] cicdUSUnerl stontroler Iercerir  8.43] 04 P: /2onolr NP03PS2KNP03S2 a0x,04 q 12[ 19902]er: 8042BDportt 60x6ir1  0.75] ri i42UXoratx60,04 rq 1

[   21.488731] mousedev: PS/2 mouse device common for all mice
[   21.674045] input: AT Translated Set 2 keyboard as /devices/platform/i8042/serio0/input/input2
[   21.676721] rtc_cmos rtc_cmos: rtc core: registered rtc_cmos as rtc0
[   22.081203] rtc_cmos rtc_cmos: alarms up to one day, 114 bytes nvram
[   22.304476] i2c /dev entries driver
[   22.446114] device-mapper: uevent: version 1.0.3
[   22.617722] device-mapper: ioctl: 4.37.0-ioctl (2017-09-20) initialised: dm-devel@redhat.com
[   22.818559] ledtrig-cpu: registered to indicate activity on CPUs
[   23.020054] NET: Registered protocol family 10
[   23.139271] Segment Routing with IPv6
[   23.256655] NET: Registered protocol family 17
[   23.385279] Key type dns_resolver registered
[   23.511819] mce: Using 0 MCE banks
[   23.615309] RAS: Correctable Errors collector initialized.
[   23.781195] sched_clock: Marking stable (23781123079, 0)->(90681637613, -66900514534)
[   23.982122] registered taskstats version 1
[   24.126570] Loading compiled-in X.509 certificates
[   24.273750] Loaded X.509 cert 'Build time autogenerated kernel key: 1859b0531897959199376c446a0bd70df75fd1fc'
[   24.556439] zswap: loaded using pool lzo/zbud
[   24.681051] Key type big_key registered
[   24.812611] Key type trusted registered
[   24.931857] Key type encrypted registered
[   25.069022] AppArmor: AppArmor sha1 policy hashing enabled
[   25.232661] ima: No TPM chip found, activating TPM-bypass! (rc=-19)
[   25.411573] ima: Allocated hash algorithm: sha1
[   25.522160] evm: HMAC attrs: 0x1
[   25.620584]   Magic number: 15:780:162
[   25.710615] rtc_cmos rtc_cmos: setting system clock to 2019-12-08 05:09:53 UTC (1575781793)
[   25.941192] BIOS EDD facility v0.16 2004-Jun-25, 0 devices found
[   26.120543] EDD information not available.
[   26.250940] Freeing unused kernel image memory: 2432K
[   26.412524] Write protecting the kernel read-only data: 20480k
[   26.633812] Freeing unused kernel image memory: 2008K
[   27.993450] Freeing unused kernel image memory: 1880K
[   29.293066] x86/mm: Checked W+X mappings: passed, no W+X pages found.
Loading, please wait...
starting version 237
[   31.104631] e1000: Intel(R) PRO/1000 Network Driver - version 7.3.21-k8-NAPI
[   31.241625] e1000: Copyright (c) 1999-2006 Intel Corporation.
[   31.374419] Fusion MPT base driver 3.04.20
[   31.508963] Copyright (c) 1999-2008 LSI Corporation
[   31.695229] AVX2 version of gcm_enc/dec engaged.
[   31.855839] AES CTR mode by8 optimization enabled
[   31.959427] Fusion MPT SPI Host driver 3.04.20
[   32.117060] input: ImExPS/2 Generic Explorer Mouse as /devices/platform/i8042/serio1/input/input4
[   32.218940] e1000 0000:00:03.0 eth0: (PCI:33MHz:32-bit) 02:83:96:c1:64:f9
[   32.589027] psmouse serio1: Failed to enable mouse on isa0060/serio1
[   32.771332] e1000 0000:00:03.0 eth0: Intel(R) PRO/1000 Network Connection
[   33.145805] mptbase: ioc0: Initiating bringup
[   33.407338] ioc0: LSI53C1030 A0: Capabilities={Initiator}
[   36.354178] scsi host2: ioc0: LSI53C1030 A0, FwRev=00000000h, Ports=1, MaxQ=256, IRQ=20
[   36.829789] scsi 2:0:0:0: Direct-Access     VBOX     HARDDISK         1.0  PQ: 0 ANSI: 5
[   37.209777] scsi target2:0:0: Beginning Domain Validation
[   37.434742] scsi target2:0:0: Domain Validation skipping write tests
[   39.076861] scsi target2:0:0: Ending Domain Validation
[   39.089919] e1000 0000:00:08.0 eth1: (PCI:33MHz:32-bit) 08:00:27:d0:ca:85
[   39.186747] scsi target2:0:0: asynchronous
[   39.266169] e1000 0000:00:08.0 eth1: Intel(R) PRO/1000 Network Connection
[   39.358803] random: fast init done
[   39.649346] random: systemd-udevd: uninitialized urandom read (16 bytes read)
[   39.866947] random: systemd-udevd: uninitialized urandom read (16 bytes read)
[   40.088515] random: systemd-udevd: uninitialized urandom read (16 bytes read)
[   40.354121] scsi 2:0:1:0: Direct-Access     VBOX     HARDDISK         1.0  PQ: 0 ANSI: 5
[   40.355249] e1000 0000:00:03.0 enp0s3: renamed from eth0
[   40.766318] e1000 0000:00:08.0 enp0s8: renamed from eth1
[   40.980067] scsi target2:0:1: Beginning Domain Validation
[   41.126992] scsi target2:0:1: Domain Validation skipping write tests
[   41.278970] scsi target2:0:1: Ending Domain Validation
[   41.425652] scsi target2:0:1: asynchronous
[   41.544100] sd 2:0:0:0: Attached scsi generic sg0 type 0
[   41.690149] sd 2:0:0:0: [sda] 20971520 512-byte logical blocks: (10.7 GB/10.0 GiB)
[   41.690265] sd 2:0:1:0: Attached scsi generic sg1 type 0
[   42.092718] sd 2:0:0:0: [sda] Write Protect is off
[   42.280068] sd 2:0:1:0: [sdb] 20480 512-byte logical blocks: (10.5 MB/10.0 MiB)
[   42.280072] sd 2:0:0:0: [sda] Incomplete mode parameter data
[   42.487620] sd 2:0:1:0: [sdb] Write Protect is off
[   42.630792] sd 2:0:0:0: [sda] Assuming drive cache: write through
[   42.927199] sd 2:0:1:0: [sdb] Incomplete mode parameter data
[   43.110939] sd 2:0:1:0: [sdb] Assuming drive cache: write through
[   43.297660]  sda: sda1
[   43.435213] sd 2:0:0:0: [sda] Attached SCSI disk
[   43.591835] sd 2:0:1:0: [sdb] Attached SCSI disk
Begin: Loading essential drivers ... [   45.352513] raid6: sse2x1   gen()  4980 MB/s
[   45.533685] raid6: sse2x1   xor()  4877 MB/s
[   45.724790] raid6: sse2x2   gen() 10254 MB/s
[   45.937358] raid6: sse2x2   xor()  6701 MB/s
[   46.144033] raid6: sse2x4   gen()  9826 MB/s
[   46.289554] raid6: sse2x4   xor()  5531 MB/s
[   46.501128] raid6: avx2x1   gen() 11103 MB/s
[   46.653010] raid6: avx2x1   xor()  8531 MB/s
[   46.833252] raid6: avx2x2   gen() 10732 MB/s
[   46.988521] raid6: avx2x2   xor()  9468 MB/s
[   47.164916] raid6: avx2x4   gen() 14639 MB/s
[   47.341751] raid6: avx2x4   xor()  7364 MB/s
[   47.502652] raid6: using algorithm avx2x4 gen() 14639 MB/s
[   47.677045] raid6: .... xor() 7364 MB/s, rmw enabled
[   47.837966] raid6: using avx2x2 recovery algorithm
[   48.004898] xor: automatically using best checksumming function   avx       
[   48.222183] async_tx: api initialized (async)
done.
Begin: Running /scripts/init-premount ... done.
Begin: Mounti[   48.457375] Btrfs loaded, crc32c=crc32c-intel
ng root file system ... Begin: Running /scripts/[   48.640058] EXT4-fs (sda1): INFO: recovery required on readonly filesystem
local-top ... do[   48.745764] EXT4-fs (sda1): write access will be enabled during recovery
ne.
Begin: Running /scripts/local-premount ... Scanning for Btrfs filesystems
done.
Warning: fsck not present, so skipping root file system
[   49.159757] EXT4-fs (sda1): recovery complete
[   49.288043] EXT4-fs (sda1): mounted filesystem with ordered data mode. Opts: (null)
done.
Begin: Running /scripts/local-bottom ... done.
Begin: Running /scripts/init-bottom ... done.
[   49.909818] ip_tables: (C) 2000-2006 Netfilter Core Team
[   50.147639] systemd[1]: systemd 237 running in system mode. (+PAM +AUDIT +SELINUX +IMA +APPARMOR +SMACK +SYSVINIT +UTMP +LIBCRYPTSETUP +GCRYPT +GNUTLS +ACL +XZ +LZ4 +SECCOMP +BLKID +ELFUTILS +KMOD -IDN2 +IDN -PCRE2 default-hierarchy=hybrid)
[   55.538270] systemd[1]: Detected virtualization oracle.
[   55.712353] systemd[1]: Detected architecture x86-64.

Welcome to [1mUbuntu 18.04.3 LTS[0m!

[   55.966855] systemd[1]: Set hostname to <ubuntu-bionic>.
[   56.456609] random: crng init done
[   56.555871] random: 7 urandom warning(s) missed due to ratelimiting
[   57.018009] systemd[1]: Reached target Swap.
[[0;32m  OK  [0m] Reached target Swap.
[   57.224795] systemd[1]: Reached target User and Group Name Lookups.
[[0;32m  OK  [0m] Reached target User and Group Name Lookups.
[   57.544735] systemd[1]: Reached target System Time Synchronized.
[[0;32m  OK  [0m] Reached target System Time Synchronized.
[   57.784374] systemd[1]: Created slice User and Session Slice.
[[0;32m  OK  [0m] Created slice User and Session Slice.
[   58.053612] systemd[1]: Started Forward Password Requests to Wall Directory Watch.
[[0;32m  OK  [0m] Started Forward Password Requests to Wall Directory Watch.
[   58.441493] systemd[1]: Set up automount Arbitrary Executable File Formats File System Automount Point.
[[0;32m  OK  [0m] Set up automount Arbitrary Executab…rmats File System Automount Point.
[   58.853107] systemd[1]: Created slice System Slice.
[[0;32m  OK  [0m] Created slice System Slice.
[[0;32m  OK  [0m] Listening on Device-mapper event daemon FIFOs.
[[0;32m  OK  [0m] Listening on udev Kernel Socket.
[[0;32m  OK  [0m] Listening on Network Service Netlink Socket.
[[0;32m  OK  [0m] Listening on LVM2 poll daemon socket.
[[0;32m  OK  [0m] Listening on udev Control Socket.
[[0;32m  OK  [0m] Reached target Slices.
[[0;32m  OK  [0m] Listening on Syslog Socket.
[[0;32m  OK  [0m] Listening on Journal Socket.
         Mounting Huge Pages File System...
         Mounting POSIX Message Queue File System...
         Starting Load Kernel Mo[   59.758716] Loading iSCSI transport class v2.0-870.
dules...
[   59.962177] iscsi: registered transport (tcp)
         Starting Remount Root a[   60.158562] iscsi: registered transport (iser)
nd Kernel File S[   60.333067] EXT4-fs (sda1): re-mounted. Opts: (null)
ystems...
[   60.554142] systemd[1]: Starting Create list of required static device nodes for the current kernel...
         Starting Create list of required st…ce nodes for the current kernel...
[   60.966129] systemd[1]: Starting udev Coldplug all Devices...
         Starting udev Coldplug all Devices...
[   61.173941] systemd[1]: Mounting Kernel Debug File System...
         Mounting Kernel Debug File System...
[   61.366114] systemd[1]: Starting Set the console keyboard layout...
         Starting Set the console keyboard layout...
[   61.650729] systemd[1]: Starting Uncomplicated firewall...
         Starting Uncomplicated firewall...
[   61.870193] systemd[1]: Created slice system-serial\x2dgetty.slice.
[[0;32m  OK  [0m] Created slice system-serial\x2dgetty.slice.
[   62.161103] systemd[1]: Listening on Journal Audit Socket.
[[0;32m  OK  [0m] Listening on Journal Audit Socket.
[   63.520331] systemd[1]: Listening on Journal Socket (/dev/log).
[[0;32m  OK  [0m] Listening on Journal Socket (/dev/log).
[   63.676804] systemd[1]: Starting Journal Service...
         Starting Journal Service...
[   63.790431] systemd[1]: Listening on LVM2 metadata daemon socket.
[[0;32m  OK  [0m] Listening on LVM2 metadata daemon socket.
         Starting Monitoring of LVM2 mirrors…ng dmeventd or progress polling...
[[0;32m  OK  [0m] Listening on /dev/initctl Compatibility Named Pipe.
[[0;32m  OK  [0m] Started Journal Service.
[[0;32m  OK  [0m] Mounted Huge Pages File System.
[[0;32m  OK  [0m] Mounted POSIX Message Queue File System.
[[0;32m  OK  [0m] Started Load Kernel Modules.
[[0;32m  OK  [0m] Started Remount Root and Kernel File Systems.
[[0;32m  OK  [0m] Started Create list of required sta…vice nodes for the current kernel.
[[0;32m  OK  [0m] Mounted Kernel Debug File System.
[[0;32m  OK  [0m] Started Set the console keyboard layout.
[[0;32m  OK  [0m] Started Uncomplicated firewall.
[[0;32m  OK  [0m] Started udev Coldplug all Devices.
[[0;32m  OK  [0m] Started LVM2 metadata daemon.
         Starting Create Static Device Nodes in /dev...
         Starting Load/Save Random Seed...
         Mounting Kernel Configuration File System...
         Mounting FUSE Control File System...
         Starting Apply Kernel Variables...
         Starting Flush Journal to Persistent Storage...
[[0;32m  OK  [0m] Started Monitoring of LVM2 mirrors,…sing dmeventd or progress polling.
[[0;32m  OK  [0m] Started Create Static Device Nodes in /dev.
[[0;32m  OK  [0m] Started Load/Save Random Seed.
[[0;32m  OK  [0m] Mounted Kernel Configuration File System.
[[0;32m  OK  [0m] Mounted FUSE Control File System.
[[0;32m  OK  [0m] Started Apply Kernel Variables.
         Starting udev Kernel Device Manager...
[[0;32m  OK  [0m] Reached target Local File Systems (Pre).
[[0;32m  OK  [0m] Reached target Local File Systems.
         Starting Tell Plymouth To Write Out Runtime Data...
         Starting AppArmor initialization...
         Starting ebtables ruleset management...
         Starting Set console font and keymap...
[[0;32m  OK  [0m] Started udev Kernel Device Manager.
[[0;32m  OK  [0m] Started Tell Plymouth To Write Out Runtime Data.
[[0;32m  OK  [0m] Started Set console font and keymap.
[[0;32m  OK  [0m] Started ebtables ruleset management.
[[0;32m  OK  [0m] Started Flush Journal to Persistent Storage.
[[0;32m  OK  [0m] Found device /dev/ttyS0.
[[0;32m  OK  [0m] Listening on Load/Save RF Kill Switch Status /dev/rfkill Watch.
         Starting Create Volatile Files and Directories...
[[0;32m  OK  [0m] Started Dispatch Password Requests to Console Directory Watch.
[[0;32m  OK  [0m] Reached target Local Encrypted Volumes.
[[0;32m  OK  [0m] Started AppArmor initialization.
[[0;32m  OK  [0m] Started Create Volatile Files and Directories.
         Starting Update UTMP about System Boot/Shutdown...
         Starting Initial cloud-init job (pre-networking)...
[[0;32m  OK  [0m] Started Update UTMP about System Boot/Shutdown.
[   69.526423] cloud-init[617]: Cloud-init v. 19.2-36-g059d049c-0ubuntu2~18.04.1 running 'init-local' at Sun, 08 Dec 2019 05:10:36 +0000. Up 69.19 seconds.
[[0;32m  OK  [0m] Started Initial cloud-init job (pre-networking).
[[0;32m  OK  [0m] Reached target Network (Pre).
         Starting Network Service...
[[0;32m  OK  [0m] Started Network Service.
         Starting Wait for Network to be Configured...
         Starting Network Name Resolution...
[[0;32m  OK  [0m] Started Network Name Resolution.
[[0;32m  OK  [0m] Reached target Host and Network Name Lookups.
[[0;32m  OK  [0m] Reached target Network.
[[0;32m  OK  [0m] Started Wait for Network to be Configured.
         Starting Initial cloud-init job (metadata service crawler)...
[   72.436426] cloud-init[747]: Cloud-init v. 19.2-36-g059d049c-0ubuntu2~18.04.1 running 'init' at Sun, 08 Dec 2019 05:10:39 +0000. Up 72.21 seconds.
[   72.601195] cloud-init[747]: ci-info: ++++++++++++++++++++++++++++++++++++++Net device info+++++++++++++++++++++++++++++++++++++++
[[0;32m  OK  [0m] Started Initial cloud-init job (metadata service crawler).
[   72.788740] cloud-init[747]: ci-info: +--------+------+-----------------------------+---------------+--------+-------------------+
[[   73.041031] cloud-init[747]: ci-info: | Device |  Up  |           Address           |      Mask     | Scope  |     Hw-Address    |
[0;32m  OK  [0m] Reached target Network is Online.
[   73.041273] cloud-init[747]: ci-info: +--------+------+-----------------------------+---------------+--------+-------------------+
[[   73.404344] cloud-init[747]: ci-info: | enp0s3 | True |          10.0.2.15          | 255.255.255.0 | global | 02:83:96:c1:64:f9 |
[0;32m  OK  [0m] Reached target Remote File Systems (Pre).
[   73.404602] cloud-init[747]: ci-info: | enp0s3 | True |  fe80::83:96ff:fec1:64f9/64 |       .       |  link  | 02:83:96:c1:64:f9 |
[[   73.764899] cloud-init[747]: ci-info: | enp0s8 | True |        192.168.33.10        | 255.255.255.0 | global | 08:00:27:d0:ca:85 |
[0;32m  OK  [0m] Reached target Remote File Systems.
[   73.765064] cloud-init[747]: ci-info: | enp0s8 | True | fe80::a00:27ff:fed0:ca85/64 |       .       |  link  | 08:00:27:d0:ca:85 |
         [   74.129182] Starting Availability of block devices...cloud-init
[747]: ci-info: |   lo   | True |          127.0.0.1          |   255.0.0.0   |  host  |         .         |
[[   74.365717] cloud-init[747]: ci-info: |   lo   | True |           ::1/128           |       .       |  host  |         .         |
[   74.365920] cloud-init[0;32m  OK  [0m[747]: ] ci-info: +--------+------+-----------------------------+---------------+--------+-------------------+Reached target Cloud-config availability.

[   74.366215] cloud-init[747]: ci-info: +++++++++++++++++++++++++++++Route IPv4 info+++++++++++++++++++++++++++++
[   74.733658] cloud-init[747]: ci-info: +-------+--------------+----------+-----------------+-----------+-------+
[[0;32m  OK  [0m] Reached target System Initialization.
[   74.733807] cloud-init[747]: ci-info: | Route | Destination  | Gateway  |     Genmask     | Interface | Flags |
[[0;32m  OK  [0m[   75.205003] ] cloud-initListening on D-Bus System Message Bus Socket.[747]: 
ci-info: +-------+--------------+----------+-----------------+-----------+-------+
[[0;32m  OK  [0m] Started Message of the Day.
[   75.424998] [cloud-init[0;32m  OK  [0m[747]: ] ci-info: |   0   |   0.0.0.0    | 10.0.2.2 |     0.0.0.0     |   enp0s3  |   UG  |Started Daily apt download activities.

[[0;32m  OK  [0m] Started ACPI Events Check.
[   75.695071] [cloud-init[0;32m  OK  [0m[747]: ] ci-info: |   1   |   10.0.2.0   | 0.0.0.0  |  255.255.255.0  |   enp0s3  |   U   |Reached target Paths.

         Starting LXD - unix socket.
[   75.957209] cloud-init[[747]: [0;32m  OK  [0mci-info: |   2   |   10.0.2.2   | 0.0.0.0  | 255.255.255.255 |   enp0s3  |   UH  |] 
Started Daily apt upgrade and clean activities.
[[0;32m  OK  [0m] Started Discard unused blocks once a week.
[   76.249347] cloud-init[747]: ci-info: |   3   | 192.168.33.0 | 0.0.0.0  |  255.255.255.0  |   enp0s8  |   U   |
[[0;32m  OK  [0m] Listening on ACPID Listen Socket.
[   76.329633] cloud-init[747]: ci-info: +-------+--------------+----------+-----------------+-----------+-------+
         Starting Socket activation for snappy daemon.
[   76.685500] [cloud-init[0;32m  OK  [0m[747]: ] ci-info: +++++++++++++++++++Route IPv6 info+++++++++++++++++++Started Daily Cleanup of Temporary Directories.

[[0;32m  OK  [0m] Reached target Timers.
[   76.993643] cloud-init[747]: ci-info: +-------+-------------+---------+-----------+-------+
[[0;32m  OK  [0m] Listening on UUID daemon activation socket.
[   77.176913] cloud-init[747]: ci-info: | Route | Destination | Gateway | Interface | Flags |
[[   77.369348] cloud-init[747]: ci-info: +-------+-------------+---------+-----------+-------+
[0;32m  OK  [0m] Listening on Open-iSCSI iscsid Socket.
[   77.369551] cloud-init[747]: ci-info: |   1   |  fe80::/64  |    ::   |   enp0s8  |   U   |
[[0;32m  OK  [0m] Started Availability of block devices.
[   77.697793] cloud-init[747]: ci-info: |   2   |  fe80::/64  |    ::   |   enp0s3  |   U   |
[[0;32m  OK  [0m] Listening on LXD - unix socket.
[   77.907342] cloud-init[747]: ci-info: |   4   |    local    |    ::   |   enp0s3  |   U   |
[[0;32m  OK  [0m] Listening on Socket activation for snappy daemon.
[   77.976945] cloud-init[747]: ci-info: |   5   |    local    |    ::   |   enp0s8  |   U   |
[[0;32m  OK  [0m] Reached target Sockets.
[   78.328797] cloud-init[747]: ci-info: |   6   |   ff00::/8  |    ::   |   enp0s8  |   U   |
[[0;32m  OK  [0m] Reached target Basic System.
[   78.397475] cloud-init[747]: ci-info: |   7   |   ff00::/8  |    ::   |   enp0s3  |   U   |
[[0;32m  OK  [0m] Started Regular background program processing daemon.
[   78.712794] cloud-init[747]: ci-info: +-------+-------------+---------+-----------+-------+
         Starting LSB: Record successful boot for GRUB...
         Starting Dispatcher daemon for systemd-networkd...
[[0;32m  OK  [0m] Started Deferred execution scheduler.
[[0;32m  OK  [0m] Started FUSE filesystem for LXC.
[[0;32m  OK  [0m] Started irqbalance daemon.
         Starting System Logging Service...
         Starting LSB: automatic crash report generation...
         Starting Snappy daemon...
[[0;32m  OK  [0m] Started D-Bus System Message Bus.
         Starting Login Service...
         Starting Message of the Day...
         Starting Permit User Sessions...
         Starting vboxadd.service...
         Starting Accounts Service...
         Starting OpenBSD Secure Shell server...
         Starting LXD - container startup/shutdown...
[[0;32m  OK  [0m] Started System Logging Service.
[[0;32m  OK  [0m] Started Dispatcher daemon for systemd-networkd.
[[0;32m  OK  [0m] Started Permit User Sessions.
[[0;32m  OK  [0m] Started Login Service.
[[0;32m  OK  [0m] Started OpenBSD Secure Shell server.
[[0;32m  OK  [0m] Started Snappy daemon.
[[0;32m  OK  [0m] Started LSB: automatic crash report generation.
[[0;32m  OK  [0m] Started LSB: Record successful boot for GRUB.
         Starting Authorization Manager...
         Starting Wait until snapd is fully seeded...
[[0;32m  OK  [0m] Started Unattended Upgrades Shutdown.
         Starting Terminate Plymouth Boot Screen...
         Starting Hold until boot process finishes up...
[[0;32m  OK  [0m] Started vboxadd.service.
[[0;32m  OK  [0m] Started LXD - container startup/shutdown.
[[0;32m  OK  [0m] Started Wait until snapd is fully seeded.
[[0;32m  OK  [0m] Started Terminate Plymouth Boot Screen.
[[0;32m  OK  [0m] Started Hold until boot process finishes up.
[[0;32m  OK  [0m] Started Authorization Manager.
[[0;32m  OK  [0m] Started Accounts Service.
[[0;32m  OK  [0m] Started Serial Getty on ttyS0.
         Starting Set console scheme...
         Starting Apply the settings specified in cloud-config...
         Starting vboxadd-service.service...
[[0;32m  OK  [0m] Started Set console scheme.
[[0;32m  OK  [0m] Started vboxadd-service.service.
[[0;32m  OK  [0m] Created slice User Slice of vagrant.
[[0;32m  OK  [0m] Created slice system-getty.slice.
[[0;32m  OK  [0m] Started Getty on tty1.
[[0;32m  OK  [0m] Reached target Login Prompts.
[[0;32m  OK  [0m] Reached target Multi-User System.
[[0;32m  OK  [0m] Reached target Graphical Interface.
         Starting Update UTMP about System Runlevel Changes...
[   82.395973] cloud-init[1333]: Cloud-init v. 19.2-36-g059d049c-0ubuntu2~18.04.1 running 'modules:config' at Sun, 08 Dec 2019 05:10:50 +0000. Up 82.23 seconds.
[[0;32m  OK  [0m] Started Message of the Day.
[[0;32m  OK  [0m] Started Apply the settings specified in cloud-config.
[[0;32m  OK  [0m] Started Session 1 of user vagrant.
         Starting User Manager for UID 1000...
         Starting Execute cloud user/final scripts...
[[0;32m  OK  [0m] Started Update UTMP about System Runlevel Changes.
[[0;32m  OK  [0m] Started User Manager for UID 1000.
[   83.961215] cloud-init[1452]: Cloud-init v. 19.2-36-g059d049c-0ubuntu2~18.04.1 running 'modules:final' at Sun, 08 Dec 2019 05:10:51 +0000. Up 83.76 seconds.
[[0;32m  OK  [0m] Started Execute cloud user/final scripts.
[   84.159665] cloud-init[1452]: Cloud-init v. 19.2-36-g059d049c-0ubuntu2~18.04.1 finished at Sun, 08 Dec 2019 05:10:51 +0000. Datasource DataSourceNoCloud [seed=/dev/sdb][dsmode=net].  Up 83.94 seconds
[[0;32m  OK  [0m] Reached target Cloud-init target.

Ubuntu 18.04.3 LTS ubuntu-bionic ttyS0

ubuntu-bionic login: 